<?xml version="1.0" encoding="UTF-8"?>
<testng-results skipped="0" failed="1" ignored="3" total="7" passed="3">
  <reporter-output>
  </reporter-output>
  <suite name="regrression paralel" duration-ms="40655" started-at="2021-02-07T21:44:33 CST" finished-at="2021-02-07T21:45:14 CST">
    <groups>
      <group name="regression">
        <method signature="CVS.first4Under15()[pri:0, instance:com.test.CVS@4973813a]" name="first4Under15" class="com.test.CVS"/>
        <method signature="TestA.goToFace()[pri:3, instance:com.test.TestA@6321e813]" name="goToFace" class="com.test.TestA"/>
        <method signature="TestA.goToGoogle()[pri:2, instance:com.test.TestA@6321e813]" name="goToGoogle" class="com.test.TestA"/>
        <method signature="TestA.goToRedvet()[pri:1, instance:com.test.TestA@6321e813]" name="goToRedvet" class="com.test.TestA"/>
      </group> <!-- regression -->
    </groups>
    <test name="Regression Test" duration-ms="40655" started-at="2021-02-07T21:44:33 CST" finished-at="2021-02-07T21:45:14 CST">
      <class name="com.test.CVS">
        <test-method status="PASS" signature="setupDriver()[pri:0, instance:com.test.CVS@4973813a]" name="setupDriver" is-config="true" duration-ms="2166" started-at="2021-02-07T21:44:33 CST" finished-at="2021-02-07T21:44:35 CST">
          <reporter-output>
          </reporter-output>
        </test-method> <!-- setupDriver -->
        <test-method status="FAIL" signature="first4Under15()[pri:0, instance:com.test.CVS@4973813a]" name="first4Under15" duration-ms="23119" started-at="2021-02-07T21:44:35 CST" finished-at="2021-02-07T21:44:59 CST">
          <exception class="org.openqa.selenium.NoSuchSessionException">
            <message>
              <![CDATA[Session ID is null. Using WebDriver after calling quit()?
Build info: version: '3.141.59', revision: 'e82be7d358', time: '2018-11-14T08:17:03'
System info: host: 'macbook-MBP.lan', ip: '2603:8080:4240:b7b:0:0:0:1d8a%en0', os.name: 'Mac OS X', os.arch: 'x86_64', os.version: '10.15.7', java.version: '1.8.0_242'
Driver info: driver.version: RemoteWebDriver]]>
            </message>
            <full-stacktrace>
              <![CDATA[org.openqa.selenium.NoSuchSessionException: Session ID is null. Using WebDriver after calling quit()?
Build info: version: '3.141.59', revision: 'e82be7d358', time: '2018-11-14T08:17:03'
System info: host: 'macbook-MBP.lan', ip: '2603:8080:4240:b7b:0:0:0:1d8a%en0', os.name: 'Mac OS X', os.arch: 'x86_64', os.version: '10.15.7', java.version: '1.8.0_242'
Driver info: driver.version: RemoteWebDriver
at org.openqa.selenium.remote.HttpCommandExecutor.execute(HttpCommandExecutor.java:125)
at org.openqa.selenium.remote.RemoteWebDriver.execute(RemoteWebDriver.java:552)
at org.openqa.selenium.remote.RemoteWebDriver.findElement(RemoteWebDriver.java:323)
at org.openqa.selenium.remote.RemoteWebDriver.findElementByXPath(RemoteWebDriver.java:428)
at org.openqa.selenium.By$ByXPath.findElement(By.java:353)
at org.openqa.selenium.remote.RemoteWebDriver.findElement(RemoteWebDriver.java:315)
at org.openqa.selenium.support.ui.ExpectedConditions$6.apply(ExpectedConditions.java:182)
at org.openqa.selenium.support.ui.ExpectedConditions$6.apply(ExpectedConditions.java:179)
at org.openqa.selenium.support.ui.FluentWait.until(FluentWait.java:249)
at com.test.CVS.first4Under15(CVS.java:23)
at sun.reflect.NativeMethodAccessorImpl.invoke0(Native Method)
at sun.reflect.NativeMethodAccessorImpl.invoke(NativeMethodAccessorImpl.java:62)
at sun.reflect.DelegatingMethodAccessorImpl.invoke(DelegatingMethodAccessorImpl.java:43)
at java.lang.reflect.Method.invoke(Method.java:498)
at org.testng.internal.MethodInvocationHelper.invokeMethod(MethodInvocationHelper.java:133)
at org.testng.internal.TestInvoker.invokeMethod(TestInvoker.java:584)
at org.testng.internal.TestInvoker.invokeTestMethod(TestInvoker.java:172)
at org.testng.internal.MethodRunner.runInSequence(MethodRunner.java:46)
at org.testng.internal.TestInvoker$MethodInvocationAgent.invoke(TestInvoker.java:804)
at org.testng.internal.TestInvoker.invokeTestMethods(TestInvoker.java:145)
at org.testng.internal.TestMethodWorker.invokeTestMethods(TestMethodWorker.java:146)
at org.testng.internal.TestMethodWorker.run(TestMethodWorker.java:128)
at java.util.concurrent.ThreadPoolExecutor.runWorker(ThreadPoolExecutor.java:1149)
at java.util.concurrent.ThreadPoolExecutor$Worker.run(ThreadPoolExecutor.java:624)
at java.lang.Thread.run(Thread.java:748)
]]>
            </full-stacktrace>
          </exception> <!-- org.openqa.selenium.NoSuchSessionException -->
          <reporter-output>
          </reporter-output>
        </test-method> <!-- first4Under15 -->
        <test-method status="FAIL" signature="tearDown()[pri:0, instance:com.test.CVS@4973813a]" name="tearDown" is-config="true" duration-ms="1" started-at="2021-02-07T21:44:59 CST" finished-at="2021-02-07T21:44:59 CST">
          <exception class="org.openqa.selenium.NoSuchSessionException">
            <message>
              <![CDATA[Session ID is null. Using WebDriver after calling quit()?
Build info: version: '3.141.59', revision: 'e82be7d358', time: '2018-11-14T08:17:03'
System info: host: 'macbook-MBP.lan', ip: '2603:8080:4240:b7b:0:0:0:1d8a%en0', os.name: 'Mac OS X', os.arch: 'x86_64', os.version: '10.15.7', java.version: '1.8.0_242'
Driver info: driver.version: RemoteWebDriver]]>
            </message>
            <full-stacktrace>
              <![CDATA[org.openqa.selenium.NoSuchSessionException: Session ID is null. Using WebDriver after calling quit()?
Build info: version: '3.141.59', revision: 'e82be7d358', time: '2018-11-14T08:17:03'
System info: host: 'macbook-MBP.lan', ip: '2603:8080:4240:b7b:0:0:0:1d8a%en0', os.name: 'Mac OS X', os.arch: 'x86_64', os.version: '10.15.7', java.version: '1.8.0_242'
Driver info: driver.version: RemoteWebDriver
at org.openqa.selenium.remote.HttpCommandExecutor.execute(HttpCommandExecutor.java:125)
at org.openqa.selenium.remote.RemoteWebDriver.execute(RemoteWebDriver.java:552)
at org.openqa.selenium.remote.RemoteWebDriver.execute(RemoteWebDriver.java:609)
at org.openqa.selenium.remote.RemoteWebDriver.close(RemoteWebDriver.java:442)
at com.test.BaseClass.tearDown(BaseClass.java:50)
at sun.reflect.NativeMethodAccessorImpl.invoke0(Native Method)
at sun.reflect.NativeMethodAccessorImpl.invoke(NativeMethodAccessorImpl.java:62)
at sun.reflect.DelegatingMethodAccessorImpl.invoke(DelegatingMethodAccessorImpl.java:43)
at java.lang.reflect.Method.invoke(Method.java:498)
at org.testng.internal.MethodInvocationHelper.invokeMethod(MethodInvocationHelper.java:133)
at org.testng.internal.MethodInvocationHelper.invokeMethodConsideringTimeout(MethodInvocationHelper.java:62)
at org.testng.internal.ConfigInvoker.invokeConfigurationMethod(ConfigInvoker.java:340)
at org.testng.internal.ConfigInvoker.invokeConfigurations(ConfigInvoker.java:294)
at org.testng.internal.TestInvoker.runConfigMethods(TestInvoker.java:683)
at org.testng.internal.TestInvoker.runAfterGroupsConfigurations(TestInvoker.java:658)
at org.testng.internal.TestInvoker.invokeMethod(TestInvoker.java:642)
at org.testng.internal.TestInvoker.invokeTestMethod(TestInvoker.java:172)
at org.testng.internal.MethodRunner.runInSequence(MethodRunner.java:46)
at org.testng.internal.TestInvoker$MethodInvocationAgent.invoke(TestInvoker.java:804)
at org.testng.internal.TestInvoker.invokeTestMethods(TestInvoker.java:145)
at org.testng.internal.TestMethodWorker.invokeTestMethods(TestMethodWorker.java:146)
at org.testng.internal.TestMethodWorker.run(TestMethodWorker.java:128)
at java.util.concurrent.ThreadPoolExecutor.runWorker(ThreadPoolExecutor.java:1149)
at java.util.concurrent.ThreadPoolExecutor$Worker.run(ThreadPoolExecutor.java:624)
at java.lang.Thread.run(Thread.java:748)
]]>
            </full-stacktrace>
          </exception> <!-- org.openqa.selenium.NoSuchSessionException -->
          <reporter-output>
          </reporter-output>
        </test-method> <!-- tearDown -->
      </class> <!-- com.test.CVS -->
      <class name="com.test.TestA">
        <test-method status="PASS" signature="setupDriver()[pri:0, instance:com.test.TestA@6321e813]" name="setupDriver" is-config="true" duration-ms="2357" started-at="2021-02-07T21:44:33 CST" finished-at="2021-02-07T21:44:36 CST">
          <reporter-output>
          </reporter-output>
        </test-method> <!-- setupDriver -->
        <test-method status="PASS" signature="goToRedvet()[pri:1, instance:com.test.TestA@6321e813]" name="goToRedvet" duration-ms="14333" started-at="2021-02-07T21:44:36 CST" finished-at="2021-02-07T21:44:50 CST">
          <reporter-output>
          </reporter-output>
        </test-method> <!-- goToRedvet -->
        <test-method status="PASS" signature="tearDown()[pri:0, instance:com.test.TestA@6321e813]" name="tearDown" is-config="true" duration-ms="8345" started-at="2021-02-07T21:44:50 CST" finished-at="2021-02-07T21:44:58 CST">
          <reporter-output>
          </reporter-output>
        </test-method> <!-- tearDown -->
        <test-method status="PASS" signature="setupDriver()[pri:0, instance:com.test.TestA@6321e813]" name="setupDriver" is-config="true" duration-ms="1854" started-at="2021-02-07T21:44:58 CST" finished-at="2021-02-07T21:45:00 CST">
          <reporter-output>
          </reporter-output>
        </test-method> <!-- setupDriver -->
        <test-method status="PASS" signature="goToGoogle()[pri:2, instance:com.test.TestA@6321e813]" name="goToGoogle" duration-ms="5059" started-at="2021-02-07T21:45:00 CST" finished-at="2021-02-07T21:45:05 CST">
          <reporter-output>
          </reporter-output>
        </test-method> <!-- goToGoogle -->
        <test-method status="PASS" signature="tearDown()[pri:0, instance:com.test.TestA@6321e813]" name="tearDown" is-config="true" duration-ms="2198" started-at="2021-02-07T21:45:05 CST" finished-at="2021-02-07T21:45:07 CST">
          <reporter-output>
          </reporter-output>
        </test-method> <!-- tearDown -->
        <test-method status="PASS" signature="setupDriver()[pri:0, instance:com.test.TestA@6321e813]" name="setupDriver" is-config="true" duration-ms="1985" started-at="2021-02-07T21:45:07 CST" finished-at="2021-02-07T21:45:09 CST">
          <reporter-output>
          </reporter-output>
        </test-method> <!-- setupDriver -->
        <test-method status="PASS" signature="goToFace()[pri:3, instance:com.test.TestA@6321e813]" name="goToFace" duration-ms="3343" started-at="2021-02-07T21:45:09 CST" finished-at="2021-02-07T21:45:13 CST">
          <reporter-output>
          </reporter-output>
        </test-method> <!-- goToFace -->
        <test-method status="PASS" signature="tearDown()[pri:0, instance:com.test.TestA@6321e813]" name="tearDown" is-config="true" duration-ms="1136" started-at="2021-02-07T21:45:13 CST" finished-at="2021-02-07T21:45:14 CST">
          <reporter-output>
          </reporter-output>
        </test-method> <!-- tearDown -->
      </class> <!-- com.test.TestA -->
    </test> <!-- Regression Test -->
  </suite> <!-- regrression paralel -->
</testng-results>
